<?xml version="1.0" encoding="UTF-8"?>
<!-- Generated by org.testng.reporters.JUnitReportReporter -->
<testsuite hostname="LAPTOP-4RAGM6OB" failures="0" tests="1" name="variousConcepts.TestNGDataProvider" time="14.970" errors="0" timestamp="2024-01-03T01:01:11 CST" skipped="0">
  <testcase classname="variousConcepts.TestNGDataProvider" name="init" time="14.970"/>
</testsuite> <!-- variousConcepts.TestNGDataProvider -->
