<?xml version="1.0" encoding="UTF-8"?>
<!-- Generated by org.testng.reporters.JUnitReportReporter -->
<testsuite hostname="LAPTOP-4RAGM6OB" failures="0" tests="2" name="variousConcepts.LearnParallalExecution" time="49.598" errors="0" timestamp="2024-01-03T10:01:01 CST" skipped="0">
  <testcase classname="variousConcepts.LearnParallalExecution" name="FirefoxTest" time="15.040"/>
  <testcase classname="variousConcepts.LearnParallalExecution" name="ChromeTest" time="34.558"/>
</testsuite> <!-- variousConcepts.LearnParallalExecution -->
